2023-02-16 21:51:34,940:DEBUG:NeuronScrapper:Getting Webpage...
2023-02-16 21:51:35,196:DEBUG:NeuronScrapper:Done
2023-02-16 21:51:35,196:DEBUG:NeuronScrapper:Reading Webpage...
2023-02-16 21:51:37,740:DEBUG:NeuronScrapper:Done
2023-02-16 21:51:37,740:DEBUG:NeuronScrapper:Converting Webpage to HTML...
2023-02-16 21:51:37,751:DEBUG:NeuronScrapper:Done
2023-02-16 21:51:37,752:DEBUG:NeuronScrapper:Extracting Raw Data...
2023-02-16 21:51:37,752:DEBUG:NeuronScrapper:Done
2023-02-16 21:51:37,752:DEBUG:NeuronScrapper:Converting to JSON...
2023-02-16 21:51:37,776:DEBUG:NeuronScrapper:Done
2023-02-16 21:51:37,776:DEBUG:NeuronScrapper:Getting Category and Subcategory Data...
2023-02-16 21:51:37,776:DEBUG:NeuronScrapper:Done
2023-02-16 21:51:37,776:DEBUG:NeuronScrapper:Saving cat_sub_cat_data.json
2023-02-16 21:51:37,779:DEBUG:NeuronScrapper:Done
2023-02-16 21:51:37,779:DEBUG:NeuronScrapper:Getting Courses Data...
2023-02-16 21:51:37,781:DEBUG:NeuronScrapper:Done
2023-02-16 21:51:37,781:DEBUG:NeuronScrapper:Saving courses_data.json
2023-02-16 21:51:37,816:DEBUG:NeuronScrapper:Done
2023-02-16 21:51:37,822:INFO:werkzeug:[31m[1mWARNING: This is a development server. Do not use it in a production deployment. Use a production WSGI server instead.[0m
 * Running on http://127.0.0.1:5000
2023-02-16 21:51:37,822:INFO:werkzeug:[33mPress CTRL+C to quit[0m
2023-02-16 21:51:41,941:DEBUG:asyncio:Using proactor: IocpProactor
2023-02-16 21:51:41,947:INFO:werkzeug:127.0.0.1 - - [16/Feb/2023 21:51:41] "GET /home_page HTTP/1.1" 200 -
2023-02-16 21:51:43,280:DEBUG:asyncio:Using proactor: IocpProactor
2023-02-16 21:51:43,283:INFO:werkzeug:127.0.0.1 - - [16/Feb/2023 21:51:43] "POST /home_page HTTP/1.1" 200 -
2023-02-16 21:51:43,368:INFO:root:MongoDB Connection...Done
2023-02-16 21:51:43,368:INFO:root:MongoDB Database...Done
2023-02-16 21:51:43,368:INFO:root:MongoDB Collection cat_subcat ...Created
2023-02-16 21:51:43,368:INFO:root:MongoDB Collection courses ...Created
2023-02-16 21:51:44,604:INFO:root:MongoDB Data Insert ...Done
2023-02-16 21:51:46,636:INFO:root:MongoDB Data Insert ...Done
2023-02-16 21:51:47,316:INFO:root:Connected to MySQL Database...
2023-02-16 21:51:47,638:INFO:root:Created Database...iNeuronDb
2023-02-16 21:51:47,801:INFO:root:Using Database...iNeuronDb
2023-02-16 21:51:47,964:INFO:root:Created Table...courses
2023-02-16 21:51:47,964:INFO:root:Total data to Insert: 450
2023-02-16 21:53:02,727:INFO:root:Total data Inserted in Table: 1
2023-02-16 21:53:02,727:ERROR:app:Exception on /load_data [GET]
Traceback (most recent call last):
  File "C:\Users\arunl\AppData\Local\Programs\Python\Python311\Lib\site-packages\flask\app.py", line 2525, in wsgi_app
    response = self.full_dispatch_request()
               ^^^^^^^^^^^^^^^^^^^^^^^^^^^^
  File "C:\Users\arunl\AppData\Local\Programs\Python\Python311\Lib\site-packages\flask\app.py", line 1823, in full_dispatch_request
    return self.finalize_request(rv)
           ^^^^^^^^^^^^^^^^^^^^^^^^^
  File "C:\Users\arunl\AppData\Local\Programs\Python\Python311\Lib\site-packages\flask\app.py", line 1842, in finalize_request
    response = self.make_response(rv)
               ^^^^^^^^^^^^^^^^^^^^^^
  File "C:\Users\arunl\AppData\Local\Programs\Python\Python311\Lib\site-packages\flask\app.py", line 2134, in make_response
    raise TypeError(
TypeError: The view function for 'load_data' did not return a valid response. The function either returned None or ended without a return statement.
2023-02-16 21:53:02,728:INFO:werkzeug:127.0.0.1 - - [16/Feb/2023 21:53:02] "[35m[1mGET /load_data HTTP/1.1[0m" 500 -
2023-02-16 21:53:02,742:DEBUG:asyncio:Using proactor: IocpProactor
2023-02-16 21:53:02,749:INFO:werkzeug:127.0.0.1 - - [16/Feb/2023 21:53:02] "GET /cat_subcat_list HTTP/1.1" 200 -
2023-02-16 21:53:12,227:DEBUG:asyncio:Using proactor: IocpProactor
2023-02-16 21:53:12,232:INFO:werkzeug:127.0.0.1 - - [16/Feb/2023 21:53:12] "POST /cat_subcat_list HTTP/1.1" 200 -
2023-02-16 21:53:14,034:DEBUG:asyncio:Using proactor: IocpProactor
2023-02-16 21:53:14,043:INFO:werkzeug:127.0.0.1 - - [16/Feb/2023 21:53:14] "POST /course_list HTTP/1.1" 200 -
2023-02-16 21:53:15,424:INFO:root:File Name for PDF: 61b37a3ef3a4106774680216.pdf
2023-02-16 21:53:15,425:DEBUG:botocore.hooks:Changing event name from creating-client-class.iot-data to creating-client-class.iot-data-plane
2023-02-16 21:53:15,427:DEBUG:botocore.hooks:Changing event name from before-call.apigateway to before-call.api-gateway
2023-02-16 21:53:15,427:DEBUG:botocore.hooks:Changing event name from request-created.machinelearning.Predict to request-created.machine-learning.Predict
2023-02-16 21:53:15,428:DEBUG:botocore.hooks:Changing event name from before-parameter-build.autoscaling.CreateLaunchConfiguration to before-parameter-build.auto-scaling.CreateLaunchConfiguration
2023-02-16 21:53:15,428:DEBUG:botocore.hooks:Changing event name from before-parameter-build.route53 to before-parameter-build.route-53
2023-02-16 21:53:15,429:DEBUG:botocore.hooks:Changing event name from request-created.cloudsearchdomain.Search to request-created.cloudsearch-domain.Search
2023-02-16 21:53:15,429:DEBUG:botocore.hooks:Changing event name from docs.*.autoscaling.CreateLaunchConfiguration.complete-section to docs.*.auto-scaling.CreateLaunchConfiguration.complete-section
2023-02-16 21:53:15,431:DEBUG:botocore.hooks:Changing event name from before-parameter-build.logs.CreateExportTask to before-parameter-build.cloudwatch-logs.CreateExportTask
2023-02-16 21:53:15,431:DEBUG:botocore.hooks:Changing event name from docs.*.logs.CreateExportTask.complete-section to docs.*.cloudwatch-logs.CreateExportTask.complete-section
2023-02-16 21:53:15,431:DEBUG:botocore.hooks:Changing event name from before-parameter-build.cloudsearchdomain.Search to before-parameter-build.cloudsearch-domain.Search
2023-02-16 21:53:15,432:DEBUG:botocore.hooks:Changing event name from docs.*.cloudsearchdomain.Search.complete-section to docs.*.cloudsearch-domain.Search.complete-section
2023-02-16 21:53:15,433:DEBUG:botocore.utils:IMDS ENDPOINT: http://169.254.169.254/
2023-02-16 21:53:15,434:DEBUG:botocore.credentials:Looking for credentials via: env
2023-02-16 21:53:15,434:DEBUG:botocore.credentials:Looking for credentials via: assume-role
2023-02-16 21:53:15,434:DEBUG:botocore.credentials:Looking for credentials via: assume-role-with-web-identity
2023-02-16 21:53:15,434:DEBUG:botocore.credentials:Looking for credentials via: sso
2023-02-16 21:53:15,434:DEBUG:botocore.credentials:Looking for credentials via: shared-credentials-file
2023-02-16 21:53:15,434:INFO:botocore.credentials:Found credentials in shared credentials file: ~/.aws/credentials
2023-02-16 21:53:15,436:DEBUG:botocore.loaders:Loading JSON file: C:\Users\arunl\AppData\Local\Programs\Python\Python311\Lib\site-packages\botocore\data\endpoints.json
2023-02-16 21:53:15,443:DEBUG:botocore.loaders:Loading JSON file: C:\Users\arunl\AppData\Local\Programs\Python\Python311\Lib\site-packages\botocore\data\sdk-default-configuration.json
2023-02-16 21:53:15,444:DEBUG:botocore.hooks:Event choose-service-name: calling handler <function handle_service_name_alias at 0x000001A0F20CFA60>
2023-02-16 21:53:15,477:DEBUG:botocore.loaders:Loading JSON file: C:\Users\arunl\AppData\Local\Programs\Python\Python311\Lib\site-packages\botocore\data\s3\2006-03-01\service-2.json
2023-02-16 21:53:15,525:DEBUG:botocore.loaders:Loading JSON file: C:\Users\arunl\AppData\Local\Programs\Python\Python311\Lib\site-packages\botocore\data\s3\2006-03-01\endpoint-rule-set-1.json.gz
2023-02-16 21:53:15,529:DEBUG:botocore.loaders:Loading JSON file: C:\Users\arunl\AppData\Local\Programs\Python\Python311\Lib\site-packages\botocore\data\partitions.json
2023-02-16 21:53:15,531:DEBUG:botocore.hooks:Event creating-client-class.s3: calling handler <function add_generate_presigned_post at 0x000001A0F200F880>
2023-02-16 21:53:15,531:DEBUG:botocore.hooks:Event creating-client-class.s3: calling handler <function lazy_call.<locals>._handler at 0x000001A0F34E9300>
2023-02-16 21:53:15,550:DEBUG:botocore.hooks:Event creating-client-class.s3: calling handler <function add_generate_presigned_url at 0x000001A0F200F600>
2023-02-16 21:53:15,551:DEBUG:botocore.endpoint:Setting s3 timeout as (60, 60)
2023-02-16 21:53:15,552:DEBUG:botocore.loaders:Loading JSON file: C:\Users\arunl\AppData\Local\Programs\Python\Python311\Lib\site-packages\botocore\data\_retry.json
2023-02-16 21:53:15,553:DEBUG:botocore.client:Registering retry handlers for service: s3
2023-02-16 21:53:15,553:DEBUG:botocore.utils:Registering S3 region redirector handler
2023-02-16 21:53:15,554:DEBUG:s3transfer.utils:Acquiring 0
2023-02-16 21:53:15,554:DEBUG:s3transfer.tasks:UploadSubmissionTask(transfer_id=0, {'transfer_future': <s3transfer.futures.TransferFuture object at 0x000001A0F2E21BD0>}) about to wait for the following futures []
2023-02-16 21:53:15,554:DEBUG:s3transfer.tasks:UploadSubmissionTask(transfer_id=0, {'transfer_future': <s3transfer.futures.TransferFuture object at 0x000001A0F2E21BD0>}) done waiting for dependent futures
2023-02-16 21:53:15,554:DEBUG:s3transfer.tasks:Executing task UploadSubmissionTask(transfer_id=0, {'transfer_future': <s3transfer.futures.TransferFuture object at 0x000001A0F2E21BD0>}) with kwargs {'client': <botocore.client.S3 object at 0x000001A0F3245410>, 'config': <boto3.s3.transfer.TransferConfig object at 0x000001A0F25F6390>, 'osutil': <s3transfer.utils.OSUtils object at 0x000001A0F326C650>, 'request_executor': <s3transfer.futures.BoundedExecutor object at 0x000001A0F261FF90>, 'transfer_future': <s3transfer.futures.TransferFuture object at 0x000001A0F2E21BD0>}
2023-02-16 21:53:15,554:DEBUG:s3transfer.futures:Submitting task PutObjectTask(transfer_id=0, {'bucket': 'arunpdf', 'key': '61b37a3ef3a4106774680216.pdf', 'extra_args': {}}) to executor <s3transfer.futures.BoundedExecutor object at 0x000001A0F261FF90> for transfer request: 0.
2023-02-16 21:53:15,554:DEBUG:s3transfer.utils:Acquiring 0
2023-02-16 21:53:15,554:DEBUG:s3transfer.tasks:PutObjectTask(transfer_id=0, {'bucket': 'arunpdf', 'key': '61b37a3ef3a4106774680216.pdf', 'extra_args': {}}) about to wait for the following futures []
2023-02-16 21:53:15,555:DEBUG:s3transfer.utils:Releasing acquire 0/None
2023-02-16 21:53:15,555:DEBUG:s3transfer.tasks:PutObjectTask(transfer_id=0, {'bucket': 'arunpdf', 'key': '61b37a3ef3a4106774680216.pdf', 'extra_args': {}}) done waiting for dependent futures
2023-02-16 21:53:15,555:DEBUG:s3transfer.tasks:Executing task PutObjectTask(transfer_id=0, {'bucket': 'arunpdf', 'key': '61b37a3ef3a4106774680216.pdf', 'extra_args': {}}) with kwargs {'client': <botocore.client.S3 object at 0x000001A0F3245410>, 'fileobj': <s3transfer.utils.ReadFileChunk object at 0x000001A0F25E8D50>, 'bucket': 'arunpdf', 'key': '61b37a3ef3a4106774680216.pdf', 'extra_args': {}}
2023-02-16 21:53:15,555:DEBUG:botocore.hooks:Event before-endpoint-resolution.s3: calling handler <function customize_endpoint_resolver_builtins at 0x000001A0F20E37E0>
2023-02-16 21:53:15,555:DEBUG:botocore.hooks:Event before-endpoint-resolution.s3: calling handler <bound method S3RegionRedirectorv2.redirect_from_cache of <botocore.utils.S3RegionRedirectorv2 object at 0x000001A0F26108D0>>
2023-02-16 21:53:15,555:DEBUG:botocore.regions:Calling endpoint provider with parameters: {'Bucket': 'arunpdf', 'Region': 'ap-northeast-1', 'UseFIPS': False, 'UseDualStack': False, 'ForcePathStyle': False, 'Accelerate': False, 'UseGlobalEndpoint': False, 'DisableMultiRegionAccessPoints': False, 'UseArnRegion': True}
2023-02-16 21:53:15,556:DEBUG:botocore.regions:Endpoint provider result: https://arunpdf.s3.ap-northeast-1.amazonaws.com
2023-02-16 21:53:15,556:DEBUG:botocore.regions:Selecting from endpoint provider's list of auth schemes: "sigv4". User selected auth scheme is: "None"
2023-02-16 21:53:15,556:DEBUG:botocore.regions:Selected auth type "v4" as "v4" with signing context params: {'region': 'ap-northeast-1', 'signing_name': 's3', 'disableDoubleEncoding': True}
2023-02-16 21:53:15,556:DEBUG:botocore.hooks:Event before-parameter-build.s3.PutObject: calling handler <function validate_ascii_metadata at 0x000001A0F20E22A0>
2023-02-16 21:53:15,556:DEBUG:botocore.hooks:Event before-parameter-build.s3.PutObject: calling handler <function sse_md5 at 0x000001A0F20E1580>
2023-02-16 21:53:15,556:DEBUG:botocore.hooks:Event before-parameter-build.s3.PutObject: calling handler <function convert_body_to_file_like_object at 0x000001A0F20E2CA0>
2023-02-16 21:53:15,556:DEBUG:botocore.hooks:Event before-parameter-build.s3.PutObject: calling handler <function validate_bucket_name at 0x000001A0F20E14E0>
2023-02-16 21:53:15,556:DEBUG:botocore.hooks:Event before-parameter-build.s3.PutObject: calling handler <function remove_bucket_from_url_paths_from_model at 0x000001A0F20E3600>
2023-02-16 21:53:15,556:DEBUG:botocore.hooks:Event before-parameter-build.s3.PutObject: calling handler <bound method S3RegionRedirectorv2.annotate_request_context of <botocore.utils.S3RegionRedirectorv2 object at 0x000001A0F26108D0>>
2023-02-16 21:53:15,556:DEBUG:botocore.hooks:Event before-parameter-build.s3.PutObject: calling handler <function generate_idempotent_uuid at 0x000001A0F20E1300>
2023-02-16 21:53:15,557:DEBUG:botocore.hooks:Event before-call.s3.PutObject: calling handler <function conditionally_calculate_md5 at 0x000001A0F1F4C360>
2023-02-16 21:53:15,562:DEBUG:botocore.hooks:Event before-call.s3.PutObject: calling handler <function add_expect_header at 0x000001A0F20E18A0>
2023-02-16 21:53:15,562:DEBUG:botocore.handlers:Adding expect 100 continue header to request.
2023-02-16 21:53:15,562:DEBUG:botocore.hooks:Event before-call.s3.PutObject: calling handler <function add_recursion_detection_header at 0x000001A0F20CFBA0>
2023-02-16 21:53:15,562:DEBUG:botocore.hooks:Event before-call.s3.PutObject: calling handler <function inject_api_version_header_if_needed at 0x000001A0F20E2DE0>
2023-02-16 21:53:15,562:DEBUG:botocore.endpoint:Making request for OperationModel(name=PutObject) with params: {'url_path': '/61b37a3ef3a4106774680216.pdf', 'query_string': {}, 'method': 'PUT', 'headers': {'User-Agent': 'Boto3/1.26.71 Python/3.11.2 Windows/10 Botocore/1.29.71', 'Content-MD5': 'UAymD05OwsTKoHu3s0x/vQ==', 'Expect': '100-continue'}, 'body': <s3transfer.utils.ReadFileChunk object at 0x000001A0F25E8D50>, 'auth_path': '/arunpdf/61b37a3ef3a4106774680216.pdf', 'url': 'https://arunpdf.s3.ap-northeast-1.amazonaws.com/61b37a3ef3a4106774680216.pdf', 'context': {'client_region': 'ap-northeast-1', 'client_config': <botocore.config.Config object at 0x000001A0F2A219D0>, 'has_streaming_input': True, 'auth_type': 'v4', 'signing': {'region': 'ap-northeast-1', 'signing_name': 's3', 'disableDoubleEncoding': True}, 's3_redirect': {'redirected': False, 'bucket': 'arunpdf', 'params': {'Bucket': 'arunpdf', 'Key': '61b37a3ef3a4106774680216.pdf', 'Body': <s3transfer.utils.ReadFileChunk object at 0x000001A0F25E8D50>}}}}
2023-02-16 21:53:15,562:DEBUG:botocore.hooks:Event request-created.s3.PutObject: calling handler <function signal_not_transferring at 0x000001A0F2D8E2A0>
2023-02-16 21:53:15,562:DEBUG:botocore.hooks:Event request-created.s3.PutObject: calling handler <bound method RequestSigner.handler of <botocore.signers.RequestSigner object at 0x000001A0F2DFBB90>>
2023-02-16 21:53:15,563:DEBUG:botocore.hooks:Event choose-signer.s3.PutObject: calling handler <bound method ClientCreator._default_s3_presign_to_sigv2 of <botocore.client.ClientCreator object at 0x000001A0F326FFD0>>
2023-02-16 21:53:15,563:DEBUG:botocore.hooks:Event choose-signer.s3.PutObject: calling handler <function set_operation_specific_signer at 0x000001A0F20E11C0>
2023-02-16 21:53:15,563:DEBUG:botocore.hooks:Event before-sign.s3.PutObject: calling handler <function remove_arn_from_signing_path at 0x000001A0F20E3740>
2023-02-16 21:53:15,563:DEBUG:botocore.auth:Calculating signature using v4 auth.
2023-02-16 21:53:15,563:DEBUG:botocore.auth:CanonicalRequest:
PUT
/61b37a3ef3a4106774680216.pdf

content-md5:UAymD05OwsTKoHu3s0x/vQ==
host:arunpdf.s3.ap-northeast-1.amazonaws.com
x-amz-content-sha256:UNSIGNED-PAYLOAD
x-amz-date:20230216T162315Z

content-md5;host;x-amz-content-sha256;x-amz-date
UNSIGNED-PAYLOAD
2023-02-16 21:53:15,563:DEBUG:botocore.auth:StringToSign:
AWS4-HMAC-SHA256
20230216T162315Z
20230216/ap-northeast-1/s3/aws4_request
3b577d9b45c3e9101015b9245d66df54ded0b79a19605c98b0ddfe7f71797888
2023-02-16 21:53:15,563:DEBUG:botocore.auth:Signature:
ff074307d601b1d66e599f120c4048a3279464286d85bfa98e31211431e4398b
2023-02-16 21:53:15,563:DEBUG:botocore.hooks:Event request-created.s3.PutObject: calling handler <function signal_transferring at 0x000001A0F2D8E5C0>
2023-02-16 21:53:15,563:DEBUG:botocore.hooks:Event request-created.s3.PutObject: calling handler <function add_retry_headers at 0x000001A0F20E3560>
2023-02-16 21:53:15,563:DEBUG:botocore.endpoint:Sending http request: <AWSPreparedRequest stream_output=False, method=PUT, url=https://arunpdf.s3.ap-northeast-1.amazonaws.com/61b37a3ef3a4106774680216.pdf, headers={'User-Agent': b'Boto3/1.26.71 Python/3.11.2 Windows/10 Botocore/1.29.71', 'Content-MD5': b'UAymD05OwsTKoHu3s0x/vQ==', 'Expect': b'100-continue', 'X-Amz-Date': b'20230216T162315Z', 'X-Amz-Content-SHA256': b'UNSIGNED-PAYLOAD', 'Authorization': b'AWS4-HMAC-SHA256 Credential=AKIAZIH2ZW4NDK3AU2M6/20230216/ap-northeast-1/s3/aws4_request, SignedHeaders=content-md5;host;x-amz-content-sha256;x-amz-date, Signature=ff074307d601b1d66e599f120c4048a3279464286d85bfa98e31211431e4398b', 'amz-sdk-invocation-id': b'4b83d575-9b5e-49e7-8ab4-5007ab1ed4a2', 'amz-sdk-request': b'attempt=1', 'Content-Length': '1682'}>
2023-02-16 21:53:15,564:DEBUG:botocore.httpsession:Certificate path: C:\Users\arunl\AppData\Local\Programs\Python\Python311\Lib\site-packages\botocore\cacert.pem
2023-02-16 21:53:15,564:DEBUG:urllib3.connectionpool:Starting new HTTPS connection (1): arunpdf.s3.ap-northeast-1.amazonaws.com:443
2023-02-16 21:53:16,323:DEBUG:botocore.awsrequest:Waiting for 100 Continue response.
2023-02-16 21:53:16,589:DEBUG:botocore.awsrequest:100 Continue response seen, now sending request body.
2023-02-16 21:53:16,855:DEBUG:urllib3.connectionpool:https://arunpdf.s3.ap-northeast-1.amazonaws.com:443 "PUT /61b37a3ef3a4106774680216.pdf HTTP/1.1" 200 0
2023-02-16 21:53:16,855:DEBUG:botocore.parsers:Response headers: {'x-amz-id-2': 'RJZzBEc5Qcn3laeR9aUl5RqNWqkvMJdSvvklQanshWXRulqxIABpKs+emf5wTSxDYTe5F8S9iQI=', 'x-amz-request-id': '1FBJJTCAJV9Z7J7J', 'Date': 'Thu, 16 Feb 2023 16:23:19 GMT', 'x-amz-server-side-encryption': 'AES256', 'ETag': '"500ca60f4e4ec2c4caa07bb7b34c7fbd"', 'Server': 'AmazonS3', 'Content-Length': '0'}
2023-02-16 21:53:16,855:DEBUG:botocore.parsers:Response body:
b''
2023-02-16 21:53:16,855:DEBUG:botocore.hooks:Event needs-retry.s3.PutObject: calling handler <botocore.retryhandler.RetryHandler object at 0x000001A0F3293290>
2023-02-16 21:53:16,856:DEBUG:botocore.retryhandler:No retry needed.
2023-02-16 21:53:16,856:DEBUG:botocore.hooks:Event needs-retry.s3.PutObject: calling handler <bound method S3RegionRedirectorv2.redirect_from_error of <botocore.utils.S3RegionRedirectorv2 object at 0x000001A0F26108D0>>
2023-02-16 21:53:16,856:DEBUG:s3transfer.utils:Releasing acquire 0/None
2023-02-16 21:53:16,858:INFO:werkzeug:127.0.0.1 - - [16/Feb/2023 21:53:16] "POST /course_detail HTTP/1.1" 200 -
2023-02-16 21:53:19,562:DEBUG:asyncio:Using proactor: IocpProactor
2023-02-16 21:53:19,564:INFO:werkzeug:127.0.0.1 - - [16/Feb/2023 21:53:19] "POST /cat_subcat_list HTTP/1.1" 200 -
2023-02-16 21:53:22,959:DEBUG:asyncio:Using proactor: IocpProactor
2023-02-16 21:53:22,961:INFO:werkzeug:127.0.0.1 - - [16/Feb/2023 21:53:22] "POST /course_list HTTP/1.1" 200 -
2023-02-16 21:53:24,746:INFO:root:File Name for PDF: 61b30b40b733d139bc0e7fbb.pdf
2023-02-16 21:53:24,746:DEBUG:botocore.hooks:Event choose-service-name: calling handler <function handle_service_name_alias at 0x000001A0F20CFA60>
2023-02-16 21:53:24,747:DEBUG:botocore.hooks:Event creating-client-class.s3: calling handler <function add_generate_presigned_post at 0x000001A0F200F880>
2023-02-16 21:53:24,747:DEBUG:botocore.hooks:Event creating-client-class.s3: calling handler <function lazy_call.<locals>._handler at 0x000001A0F34E9300>
2023-02-16 21:53:24,747:DEBUG:botocore.hooks:Event creating-client-class.s3: calling handler <function add_generate_presigned_url at 0x000001A0F200F600>
2023-02-16 21:53:24,748:DEBUG:botocore.endpoint:Setting s3 timeout as (60, 60)
2023-02-16 21:53:24,751:DEBUG:botocore.client:Registering retry handlers for service: s3
2023-02-16 21:53:24,751:DEBUG:botocore.utils:Registering S3 region redirector handler
2023-02-16 21:53:24,751:DEBUG:s3transfer.utils:Acquiring 0
2023-02-16 21:53:24,752:DEBUG:s3transfer.tasks:UploadSubmissionTask(transfer_id=0, {'transfer_future': <s3transfer.futures.TransferFuture object at 0x000001A0F2E7C3D0>}) about to wait for the following futures []
2023-02-16 21:53:24,752:DEBUG:s3transfer.tasks:UploadSubmissionTask(transfer_id=0, {'transfer_future': <s3transfer.futures.TransferFuture object at 0x000001A0F2E7C3D0>}) done waiting for dependent futures
2023-02-16 21:53:24,752:DEBUG:s3transfer.tasks:Executing task UploadSubmissionTask(transfer_id=0, {'transfer_future': <s3transfer.futures.TransferFuture object at 0x000001A0F2E7C3D0>}) with kwargs {'client': <botocore.client.S3 object at 0x000001A0F2E00750>, 'config': <boto3.s3.transfer.TransferConfig object at 0x000001A0F2DEBB10>, 'osutil': <s3transfer.utils.OSUtils object at 0x000001A0F32AF950>, 'request_executor': <s3transfer.futures.BoundedExecutor object at 0x000001A0F2E7B910>, 'transfer_future': <s3transfer.futures.TransferFuture object at 0x000001A0F2E7C3D0>}
2023-02-16 21:53:24,752:DEBUG:s3transfer.futures:Submitting task PutObjectTask(transfer_id=0, {'bucket': 'arunpdf', 'key': '61b30b40b733d139bc0e7fbb.pdf', 'extra_args': {}}) to executor <s3transfer.futures.BoundedExecutor object at 0x000001A0F2E7B910> for transfer request: 0.
2023-02-16 21:53:24,752:DEBUG:s3transfer.utils:Acquiring 0
2023-02-16 21:53:24,752:DEBUG:s3transfer.tasks:PutObjectTask(transfer_id=0, {'bucket': 'arunpdf', 'key': '61b30b40b733d139bc0e7fbb.pdf', 'extra_args': {}}) about to wait for the following futures []
2023-02-16 21:53:24,752:DEBUG:s3transfer.utils:Releasing acquire 0/None
2023-02-16 21:53:24,752:DEBUG:s3transfer.tasks:PutObjectTask(transfer_id=0, {'bucket': 'arunpdf', 'key': '61b30b40b733d139bc0e7fbb.pdf', 'extra_args': {}}) done waiting for dependent futures
2023-02-16 21:53:24,752:DEBUG:s3transfer.tasks:Executing task PutObjectTask(transfer_id=0, {'bucket': 'arunpdf', 'key': '61b30b40b733d139bc0e7fbb.pdf', 'extra_args': {}}) with kwargs {'client': <botocore.client.S3 object at 0x000001A0F2E00750>, 'fileobj': <s3transfer.utils.ReadFileChunk object at 0x000001A0F2E7C8D0>, 'bucket': 'arunpdf', 'key': '61b30b40b733d139bc0e7fbb.pdf', 'extra_args': {}}
2023-02-16 21:53:24,753:DEBUG:botocore.hooks:Event before-endpoint-resolution.s3: calling handler <function customize_endpoint_resolver_builtins at 0x000001A0F20E37E0>
2023-02-16 21:53:24,753:DEBUG:botocore.hooks:Event before-endpoint-resolution.s3: calling handler <bound method S3RegionRedirectorv2.redirect_from_cache of <botocore.utils.S3RegionRedirectorv2 object at 0x000001A0F2E64150>>
2023-02-16 21:53:24,753:DEBUG:botocore.regions:Calling endpoint provider with parameters: {'Bucket': 'arunpdf', 'Region': 'ap-northeast-1', 'UseFIPS': False, 'UseDualStack': False, 'ForcePathStyle': False, 'Accelerate': False, 'UseGlobalEndpoint': False, 'DisableMultiRegionAccessPoints': False, 'UseArnRegion': True}
2023-02-16 21:53:24,753:DEBUG:botocore.regions:Endpoint provider result: https://arunpdf.s3.ap-northeast-1.amazonaws.com
2023-02-16 21:53:24,753:DEBUG:botocore.regions:Selecting from endpoint provider's list of auth schemes: "sigv4". User selected auth scheme is: "None"
2023-02-16 21:53:24,753:DEBUG:botocore.regions:Selected auth type "v4" as "v4" with signing context params: {'region': 'ap-northeast-1', 'signing_name': 's3', 'disableDoubleEncoding': True}
2023-02-16 21:53:24,754:DEBUG:botocore.hooks:Event before-parameter-build.s3.PutObject: calling handler <function validate_ascii_metadata at 0x000001A0F20E22A0>
2023-02-16 21:53:24,754:DEBUG:botocore.hooks:Event before-parameter-build.s3.PutObject: calling handler <function sse_md5 at 0x000001A0F20E1580>
2023-02-16 21:53:24,754:DEBUG:botocore.hooks:Event before-parameter-build.s3.PutObject: calling handler <function convert_body_to_file_like_object at 0x000001A0F20E2CA0>
2023-02-16 21:53:24,754:DEBUG:botocore.hooks:Event before-parameter-build.s3.PutObject: calling handler <function validate_bucket_name at 0x000001A0F20E14E0>
2023-02-16 21:53:24,754:DEBUG:botocore.hooks:Event before-parameter-build.s3.PutObject: calling handler <function remove_bucket_from_url_paths_from_model at 0x000001A0F20E3600>
2023-02-16 21:53:24,754:DEBUG:botocore.hooks:Event before-parameter-build.s3.PutObject: calling handler <bound method S3RegionRedirectorv2.annotate_request_context of <botocore.utils.S3RegionRedirectorv2 object at 0x000001A0F2E64150>>
2023-02-16 21:53:24,754:DEBUG:botocore.hooks:Event before-parameter-build.s3.PutObject: calling handler <function generate_idempotent_uuid at 0x000001A0F20E1300>
2023-02-16 21:53:24,754:DEBUG:botocore.hooks:Event before-call.s3.PutObject: calling handler <function conditionally_calculate_md5 at 0x000001A0F1F4C360>
2023-02-16 21:53:24,759:DEBUG:botocore.hooks:Event before-call.s3.PutObject: calling handler <function add_expect_header at 0x000001A0F20E18A0>
2023-02-16 21:53:24,759:DEBUG:botocore.handlers:Adding expect 100 continue header to request.
2023-02-16 21:53:24,759:DEBUG:botocore.hooks:Event before-call.s3.PutObject: calling handler <function add_recursion_detection_header at 0x000001A0F20CFBA0>
2023-02-16 21:53:24,759:DEBUG:botocore.hooks:Event before-call.s3.PutObject: calling handler <function inject_api_version_header_if_needed at 0x000001A0F20E2DE0>
2023-02-16 21:53:24,759:DEBUG:botocore.endpoint:Making request for OperationModel(name=PutObject) with params: {'url_path': '/61b30b40b733d139bc0e7fbb.pdf', 'query_string': {}, 'method': 'PUT', 'headers': {'User-Agent': 'Boto3/1.26.71 Python/3.11.2 Windows/10 Botocore/1.29.71', 'Content-MD5': 'pKZTsdQkkYKXKNPnba0POg==', 'Expect': '100-continue'}, 'body': <s3transfer.utils.ReadFileChunk object at 0x000001A0F2E7C8D0>, 'auth_path': '/arunpdf/61b30b40b733d139bc0e7fbb.pdf', 'url': 'https://arunpdf.s3.ap-northeast-1.amazonaws.com/61b30b40b733d139bc0e7fbb.pdf', 'context': {'client_region': 'ap-northeast-1', 'client_config': <botocore.config.Config object at 0x000001A0F2E5B390>, 'has_streaming_input': True, 'auth_type': 'v4', 'signing': {'region': 'ap-northeast-1', 'signing_name': 's3', 'disableDoubleEncoding': True}, 's3_redirect': {'redirected': False, 'bucket': 'arunpdf', 'params': {'Bucket': 'arunpdf', 'Key': '61b30b40b733d139bc0e7fbb.pdf', 'Body': <s3transfer.utils.ReadFileChunk object at 0x000001A0F2E7C8D0>}}}}
2023-02-16 21:53:24,760:DEBUG:botocore.hooks:Event request-created.s3.PutObject: calling handler <function signal_not_transferring at 0x000001A0F2D8E2A0>
2023-02-16 21:53:24,760:DEBUG:botocore.hooks:Event request-created.s3.PutObject: calling handler <bound method RequestSigner.handler of <botocore.signers.RequestSigner object at 0x000001A0F2E5B350>>
2023-02-16 21:53:24,760:DEBUG:botocore.hooks:Event choose-signer.s3.PutObject: calling handler <bound method ClientCreator._default_s3_presign_to_sigv2 of <botocore.client.ClientCreator object at 0x000001A0F2DEBAD0>>
2023-02-16 21:53:24,760:DEBUG:botocore.hooks:Event choose-signer.s3.PutObject: calling handler <function set_operation_specific_signer at 0x000001A0F20E11C0>
2023-02-16 21:53:24,760:DEBUG:botocore.hooks:Event before-sign.s3.PutObject: calling handler <function remove_arn_from_signing_path at 0x000001A0F20E3740>
2023-02-16 21:53:24,760:DEBUG:botocore.auth:Calculating signature using v4 auth.
2023-02-16 21:53:24,760:DEBUG:botocore.auth:CanonicalRequest:
PUT
/61b30b40b733d139bc0e7fbb.pdf

content-md5:pKZTsdQkkYKXKNPnba0POg==
host:arunpdf.s3.ap-northeast-1.amazonaws.com
x-amz-content-sha256:UNSIGNED-PAYLOAD
x-amz-date:20230216T162324Z

content-md5;host;x-amz-content-sha256;x-amz-date
UNSIGNED-PAYLOAD
2023-02-16 21:53:24,760:DEBUG:botocore.auth:StringToSign:
AWS4-HMAC-SHA256
20230216T162324Z
20230216/ap-northeast-1/s3/aws4_request
bc38626c73dbe0c29ffeb62d7ec4ebc7df115b95a9168e0238eecd1d44d363d4
2023-02-16 21:53:24,760:DEBUG:botocore.auth:Signature:
dc66cc5fdf61e2bbe61eddeb711f95a1c8dd6a1a8053c5ffa33d36070a70deb9
2023-02-16 21:53:24,760:DEBUG:botocore.hooks:Event request-created.s3.PutObject: calling handler <function signal_transferring at 0x000001A0F2D8E5C0>
2023-02-16 21:53:24,761:DEBUG:botocore.hooks:Event request-created.s3.PutObject: calling handler <function add_retry_headers at 0x000001A0F20E3560>
2023-02-16 21:53:24,761:DEBUG:botocore.endpoint:Sending http request: <AWSPreparedRequest stream_output=False, method=PUT, url=https://arunpdf.s3.ap-northeast-1.amazonaws.com/61b30b40b733d139bc0e7fbb.pdf, headers={'User-Agent': b'Boto3/1.26.71 Python/3.11.2 Windows/10 Botocore/1.29.71', 'Content-MD5': b'pKZTsdQkkYKXKNPnba0POg==', 'Expect': b'100-continue', 'X-Amz-Date': b'20230216T162324Z', 'X-Amz-Content-SHA256': b'UNSIGNED-PAYLOAD', 'Authorization': b'AWS4-HMAC-SHA256 Credential=AKIAZIH2ZW4NDK3AU2M6/20230216/ap-northeast-1/s3/aws4_request, SignedHeaders=content-md5;host;x-amz-content-sha256;x-amz-date, Signature=dc66cc5fdf61e2bbe61eddeb711f95a1c8dd6a1a8053c5ffa33d36070a70deb9', 'amz-sdk-invocation-id': b'91e18fb7-3348-479c-891e-225e0b60ac43', 'amz-sdk-request': b'attempt=1', 'Content-Length': '1492'}>
2023-02-16 21:53:24,761:DEBUG:botocore.httpsession:Certificate path: C:\Users\arunl\AppData\Local\Programs\Python\Python311\Lib\site-packages\botocore\cacert.pem
2023-02-16 21:53:24,761:DEBUG:urllib3.connectionpool:Starting new HTTPS connection (1): arunpdf.s3.ap-northeast-1.amazonaws.com:443
2023-02-16 21:53:25,361:DEBUG:botocore.awsrequest:Waiting for 100 Continue response.
2023-02-16 21:53:25,565:DEBUG:botocore.awsrequest:100 Continue response seen, now sending request body.
2023-02-16 21:53:25,763:DEBUG:urllib3.connectionpool:https://arunpdf.s3.ap-northeast-1.amazonaws.com:443 "PUT /61b30b40b733d139bc0e7fbb.pdf HTTP/1.1" 200 0
2023-02-16 21:53:25,763:DEBUG:botocore.parsers:Response headers: {'x-amz-id-2': 'mEmq3OfejJf0z5I4ciVykSH0L7JlPXtIx3gjNuLmso8+sW9oJ3p9Dct5Pcx5wTfvFI5qimFR+R4=', 'x-amz-request-id': 'VR3J4Y0QDK4TGC36', 'Date': 'Thu, 16 Feb 2023 16:23:28 GMT', 'x-amz-server-side-encryption': 'AES256', 'ETag': '"a4a653b1d42491829728d3e76dad0f3a"', 'Server': 'AmazonS3', 'Content-Length': '0'}
2023-02-16 21:53:25,764:DEBUG:botocore.parsers:Response body:
b''
2023-02-16 21:53:25,764:DEBUG:botocore.hooks:Event needs-retry.s3.PutObject: calling handler <botocore.retryhandler.RetryHandler object at 0x000001A0F2E7B510>
2023-02-16 21:53:25,764:DEBUG:botocore.retryhandler:No retry needed.
2023-02-16 21:53:25,764:DEBUG:botocore.hooks:Event needs-retry.s3.PutObject: calling handler <bound method S3RegionRedirectorv2.redirect_from_error of <botocore.utils.S3RegionRedirectorv2 object at 0x000001A0F2E64150>>
2023-02-16 21:53:25,764:DEBUG:s3transfer.utils:Releasing acquire 0/None
2023-02-16 21:53:25,766:INFO:werkzeug:127.0.0.1 - - [16/Feb/2023 21:53:25] "POST /course_detail HTTP/1.1" 200 -
2023-02-16 21:53:26,911:DEBUG:asyncio:Using proactor: IocpProactor
2023-02-16 21:53:26,913:INFO:werkzeug:127.0.0.1 - - [16/Feb/2023 21:53:26] "POST /cat_subcat_list HTTP/1.1" 200 -
2023-02-16 21:53:28,050:DEBUG:asyncio:Using proactor: IocpProactor
2023-02-16 21:53:28,054:INFO:werkzeug:127.0.0.1 - - [16/Feb/2023 21:53:28] "GET /cat_subcat_list HTTP/1.1" 200 -
2023-02-16 21:53:30,684:DEBUG:asyncio:Using proactor: IocpProactor
2023-02-16 21:53:30,686:INFO:werkzeug:127.0.0.1 - - [16/Feb/2023 21:53:30] "POST /cat_subcat_list HTTP/1.1" 200 -
2023-02-16 21:53:32,024:DEBUG:asyncio:Using proactor: IocpProactor
2023-02-16 21:53:32,026:INFO:werkzeug:127.0.0.1 - - [16/Feb/2023 21:53:32] "POST /course_list HTTP/1.1" 200 -
2023-02-16 21:53:33,528:INFO:root:File Name for PDF: 63930221e714c04564531ea8.pdf
2023-02-16 21:53:33,529:DEBUG:botocore.hooks:Event choose-service-name: calling handler <function handle_service_name_alias at 0x000001A0F20CFA60>
2023-02-16 21:53:33,530:DEBUG:botocore.hooks:Event creating-client-class.s3: calling handler <function add_generate_presigned_post at 0x000001A0F200F880>
2023-02-16 21:53:33,530:DEBUG:botocore.hooks:Event creating-client-class.s3: calling handler <function lazy_call.<locals>._handler at 0x000001A0F34E9300>
2023-02-16 21:53:33,530:DEBUG:botocore.hooks:Event creating-client-class.s3: calling handler <function add_generate_presigned_url at 0x000001A0F200F600>
2023-02-16 21:53:33,531:DEBUG:botocore.endpoint:Setting s3 timeout as (60, 60)
2023-02-16 21:53:33,533:DEBUG:botocore.client:Registering retry handlers for service: s3
2023-02-16 21:53:33,533:DEBUG:botocore.utils:Registering S3 region redirector handler
2023-02-16 21:53:33,534:DEBUG:s3transfer.utils:Acquiring 0
2023-02-16 21:53:33,534:DEBUG:s3transfer.tasks:UploadSubmissionTask(transfer_id=0, {'transfer_future': <s3transfer.futures.TransferFuture object at 0x000001A0F2E87D50>}) about to wait for the following futures []
2023-02-16 21:53:33,534:DEBUG:s3transfer.tasks:UploadSubmissionTask(transfer_id=0, {'transfer_future': <s3transfer.futures.TransferFuture object at 0x000001A0F2E87D50>}) done waiting for dependent futures
2023-02-16 21:53:33,534:DEBUG:s3transfer.tasks:Executing task UploadSubmissionTask(transfer_id=0, {'transfer_future': <s3transfer.futures.TransferFuture object at 0x000001A0F2E87D50>}) with kwargs {'client': <botocore.client.S3 object at 0x000001A0F2DEB410>, 'config': <boto3.s3.transfer.TransferConfig object at 0x000001A0F3244790>, 'osutil': <s3transfer.utils.OSUtils object at 0x000001A0F3290FD0>, 'request_executor': <s3transfer.futures.BoundedExecutor object at 0x000001A0F2E87290>, 'transfer_future': <s3transfer.futures.TransferFuture object at 0x000001A0F2E87D50>}
2023-02-16 21:53:33,534:DEBUG:s3transfer.futures:Submitting task PutObjectTask(transfer_id=0, {'bucket': 'arunpdf', 'key': '63930221e714c04564531ea8.pdf', 'extra_args': {}}) to executor <s3transfer.futures.BoundedExecutor object at 0x000001A0F2E87290> for transfer request: 0.
2023-02-16 21:53:33,534:DEBUG:s3transfer.utils:Acquiring 0
2023-02-16 21:53:33,534:DEBUG:s3transfer.tasks:PutObjectTask(transfer_id=0, {'bucket': 'arunpdf', 'key': '63930221e714c04564531ea8.pdf', 'extra_args': {}}) about to wait for the following futures []
2023-02-16 21:53:33,535:DEBUG:s3transfer.utils:Releasing acquire 0/None
2023-02-16 21:53:33,535:DEBUG:s3transfer.tasks:PutObjectTask(transfer_id=0, {'bucket': 'arunpdf', 'key': '63930221e714c04564531ea8.pdf', 'extra_args': {}}) done waiting for dependent futures
2023-02-16 21:53:33,535:DEBUG:s3transfer.tasks:Executing task PutObjectTask(transfer_id=0, {'bucket': 'arunpdf', 'key': '63930221e714c04564531ea8.pdf', 'extra_args': {}}) with kwargs {'client': <botocore.client.S3 object at 0x000001A0F2DEB410>, 'fileobj': <s3transfer.utils.ReadFileChunk object at 0x000001A0F2A1C2D0>, 'bucket': 'arunpdf', 'key': '63930221e714c04564531ea8.pdf', 'extra_args': {}}
2023-02-16 21:53:33,535:DEBUG:botocore.hooks:Event before-endpoint-resolution.s3: calling handler <function customize_endpoint_resolver_builtins at 0x000001A0F20E37E0>
2023-02-16 21:53:33,535:DEBUG:botocore.hooks:Event before-endpoint-resolution.s3: calling handler <bound method S3RegionRedirectorv2.redirect_from_cache of <botocore.utils.S3RegionRedirectorv2 object at 0x000001A0F3338210>>
2023-02-16 21:53:33,535:DEBUG:botocore.regions:Calling endpoint provider with parameters: {'Bucket': 'arunpdf', 'Region': 'ap-northeast-1', 'UseFIPS': False, 'UseDualStack': False, 'ForcePathStyle': False, 'Accelerate': False, 'UseGlobalEndpoint': False, 'DisableMultiRegionAccessPoints': False, 'UseArnRegion': True}
2023-02-16 21:53:33,535:DEBUG:botocore.regions:Endpoint provider result: https://arunpdf.s3.ap-northeast-1.amazonaws.com
2023-02-16 21:53:33,535:DEBUG:botocore.regions:Selecting from endpoint provider's list of auth schemes: "sigv4". User selected auth scheme is: "None"
2023-02-16 21:53:33,536:DEBUG:botocore.regions:Selected auth type "v4" as "v4" with signing context params: {'region': 'ap-northeast-1', 'signing_name': 's3', 'disableDoubleEncoding': True}
2023-02-16 21:53:33,536:DEBUG:botocore.hooks:Event before-parameter-build.s3.PutObject: calling handler <function validate_ascii_metadata at 0x000001A0F20E22A0>
2023-02-16 21:53:33,536:DEBUG:botocore.hooks:Event before-parameter-build.s3.PutObject: calling handler <function sse_md5 at 0x000001A0F20E1580>
2023-02-16 21:53:33,536:DEBUG:botocore.hooks:Event before-parameter-build.s3.PutObject: calling handler <function convert_body_to_file_like_object at 0x000001A0F20E2CA0>
2023-02-16 21:53:33,536:DEBUG:botocore.hooks:Event before-parameter-build.s3.PutObject: calling handler <function validate_bucket_name at 0x000001A0F20E14E0>
2023-02-16 21:53:33,536:DEBUG:botocore.hooks:Event before-parameter-build.s3.PutObject: calling handler <function remove_bucket_from_url_paths_from_model at 0x000001A0F20E3600>
2023-02-16 21:53:33,536:DEBUG:botocore.hooks:Event before-parameter-build.s3.PutObject: calling handler <bound method S3RegionRedirectorv2.annotate_request_context of <botocore.utils.S3RegionRedirectorv2 object at 0x000001A0F3338210>>
2023-02-16 21:53:33,536:DEBUG:botocore.hooks:Event before-parameter-build.s3.PutObject: calling handler <function generate_idempotent_uuid at 0x000001A0F20E1300>
2023-02-16 21:53:33,536:DEBUG:botocore.hooks:Event before-call.s3.PutObject: calling handler <function conditionally_calculate_md5 at 0x000001A0F1F4C360>
2023-02-16 21:53:33,541:DEBUG:botocore.hooks:Event before-call.s3.PutObject: calling handler <function add_expect_header at 0x000001A0F20E18A0>
2023-02-16 21:53:33,541:DEBUG:botocore.handlers:Adding expect 100 continue header to request.
2023-02-16 21:53:33,541:DEBUG:botocore.hooks:Event before-call.s3.PutObject: calling handler <function add_recursion_detection_header at 0x000001A0F20CFBA0>
2023-02-16 21:53:33,541:DEBUG:botocore.hooks:Event before-call.s3.PutObject: calling handler <function inject_api_version_header_if_needed at 0x000001A0F20E2DE0>
2023-02-16 21:53:33,541:DEBUG:botocore.endpoint:Making request for OperationModel(name=PutObject) with params: {'url_path': '/63930221e714c04564531ea8.pdf', 'query_string': {}, 'method': 'PUT', 'headers': {'User-Agent': 'Boto3/1.26.71 Python/3.11.2 Windows/10 Botocore/1.29.71', 'Content-MD5': 'EFgQBfHHCAnnDIc55qRFyg==', 'Expect': '100-continue'}, 'body': <s3transfer.utils.ReadFileChunk object at 0x000001A0F2A1C2D0>, 'auth_path': '/arunpdf/63930221e714c04564531ea8.pdf', 'url': 'https://arunpdf.s3.ap-northeast-1.amazonaws.com/63930221e714c04564531ea8.pdf', 'context': {'client_region': 'ap-northeast-1', 'client_config': <botocore.config.Config object at 0x000001A0F2DEBAD0>, 'has_streaming_input': True, 'auth_type': 'v4', 'signing': {'region': 'ap-northeast-1', 'signing_name': 's3', 'disableDoubleEncoding': True}, 's3_redirect': {'redirected': False, 'bucket': 'arunpdf', 'params': {'Bucket': 'arunpdf', 'Key': '63930221e714c04564531ea8.pdf', 'Body': <s3transfer.utils.ReadFileChunk object at 0x000001A0F2A1C2D0>}}}}
2023-02-16 21:53:33,542:DEBUG:botocore.hooks:Event request-created.s3.PutObject: calling handler <function signal_not_transferring at 0x000001A0F2D8E2A0>
2023-02-16 21:53:33,542:DEBUG:botocore.hooks:Event request-created.s3.PutObject: calling handler <bound method RequestSigner.handler of <botocore.signers.RequestSigner object at 0x000001A0F2DEAD90>>
2023-02-16 21:53:33,542:DEBUG:botocore.hooks:Event choose-signer.s3.PutObject: calling handler <bound method ClientCreator._default_s3_presign_to_sigv2 of <botocore.client.ClientCreator object at 0x000001A0F3247150>>
2023-02-16 21:53:33,542:DEBUG:botocore.hooks:Event choose-signer.s3.PutObject: calling handler <function set_operation_specific_signer at 0x000001A0F20E11C0>
2023-02-16 21:53:33,542:DEBUG:botocore.hooks:Event before-sign.s3.PutObject: calling handler <function remove_arn_from_signing_path at 0x000001A0F20E3740>
2023-02-16 21:53:33,542:DEBUG:botocore.auth:Calculating signature using v4 auth.
2023-02-16 21:53:33,542:DEBUG:botocore.auth:CanonicalRequest:
PUT
/63930221e714c04564531ea8.pdf

content-md5:EFgQBfHHCAnnDIc55qRFyg==
host:arunpdf.s3.ap-northeast-1.amazonaws.com
x-amz-content-sha256:UNSIGNED-PAYLOAD
x-amz-date:20230216T162333Z

content-md5;host;x-amz-content-sha256;x-amz-date
UNSIGNED-PAYLOAD
2023-02-16 21:53:33,542:DEBUG:botocore.auth:StringToSign:
AWS4-HMAC-SHA256
20230216T162333Z
20230216/ap-northeast-1/s3/aws4_request
73d6c9c64305257bb6a036c586c95c1fae030bc52fd98b16711fcf6723634fcc
2023-02-16 21:53:33,542:DEBUG:botocore.auth:Signature:
cd939b2b395ed3482c7e92bb214e625a3966575153456145116e49f6b726258b
2023-02-16 21:53:33,542:DEBUG:botocore.hooks:Event request-created.s3.PutObject: calling handler <function signal_transferring at 0x000001A0F2D8E5C0>
2023-02-16 21:53:33,543:DEBUG:botocore.hooks:Event request-created.s3.PutObject: calling handler <function add_retry_headers at 0x000001A0F20E3560>
2023-02-16 21:53:33,543:DEBUG:botocore.endpoint:Sending http request: <AWSPreparedRequest stream_output=False, method=PUT, url=https://arunpdf.s3.ap-northeast-1.amazonaws.com/63930221e714c04564531ea8.pdf, headers={'User-Agent': b'Boto3/1.26.71 Python/3.11.2 Windows/10 Botocore/1.29.71', 'Content-MD5': b'EFgQBfHHCAnnDIc55qRFyg==', 'Expect': b'100-continue', 'X-Amz-Date': b'20230216T162333Z', 'X-Amz-Content-SHA256': b'UNSIGNED-PAYLOAD', 'Authorization': b'AWS4-HMAC-SHA256 Credential=AKIAZIH2ZW4NDK3AU2M6/20230216/ap-northeast-1/s3/aws4_request, SignedHeaders=content-md5;host;x-amz-content-sha256;x-amz-date, Signature=cd939b2b395ed3482c7e92bb214e625a3966575153456145116e49f6b726258b', 'amz-sdk-invocation-id': b'a76674cd-91f7-44c6-b6e6-11e8a189db02', 'amz-sdk-request': b'attempt=1', 'Content-Length': '1848'}>
2023-02-16 21:53:33,543:DEBUG:botocore.httpsession:Certificate path: C:\Users\arunl\AppData\Local\Programs\Python\Python311\Lib\site-packages\botocore\cacert.pem
2023-02-16 21:53:33,543:DEBUG:urllib3.connectionpool:Starting new HTTPS connection (1): arunpdf.s3.ap-northeast-1.amazonaws.com:443
2023-02-16 21:53:34,333:DEBUG:botocore.awsrequest:Waiting for 100 Continue response.
2023-02-16 21:53:34,636:DEBUG:botocore.awsrequest:100 Continue response seen, now sending request body.
2023-02-16 21:53:34,923:DEBUG:urllib3.connectionpool:https://arunpdf.s3.ap-northeast-1.amazonaws.com:443 "PUT /63930221e714c04564531ea8.pdf HTTP/1.1" 200 0
2023-02-16 21:53:34,923:DEBUG:botocore.parsers:Response headers: {'x-amz-id-2': 'k17LsDE5dM9U5oHGRXv9b+oOGPFuQDp9slkWKGZjQNOekP3vw64Vpak9KAdmVuLWrV/+BJ3vUiE=', 'x-amz-request-id': 'F48DAEEV67HG6JQ3', 'Date': 'Thu, 16 Feb 2023 16:23:37 GMT', 'x-amz-server-side-encryption': 'AES256', 'ETag': '"10581005f1c70809e70c8739e6a445ca"', 'Server': 'AmazonS3', 'Content-Length': '0'}
2023-02-16 21:53:34,923:DEBUG:botocore.parsers:Response body:
b''
2023-02-16 21:53:34,923:DEBUG:botocore.hooks:Event needs-retry.s3.PutObject: calling handler <botocore.retryhandler.RetryHandler object at 0x000001A0F2E86E10>
2023-02-16 21:53:34,924:DEBUG:botocore.retryhandler:No retry needed.
2023-02-16 21:53:34,924:DEBUG:botocore.hooks:Event needs-retry.s3.PutObject: calling handler <bound method S3RegionRedirectorv2.redirect_from_error of <botocore.utils.S3RegionRedirectorv2 object at 0x000001A0F3338210>>
2023-02-16 21:53:34,924:DEBUG:s3transfer.utils:Releasing acquire 0/None
2023-02-16 21:53:34,926:INFO:werkzeug:127.0.0.1 - - [16/Feb/2023 21:53:34] "POST /course_detail HTTP/1.1" 200 -
